{"C:\\Users\\Bowwiiee\\github-classroom\\H8-FSJS-P2S5\\IP-HCK65-DityaIlhami\\IP-HCK65-Individual-Project\\server\\app.js": {"path":"C:\\Users\\Bowwiiee\\github-classroom\\H8-FSJS-P2S5\\IP-HCK65-DityaIlhami\\IP-HCK65-Individual-Project\\server\\app.js","statementMap":{"0":{"start":{"line":1,"column":0},"end":{"line":3,"column":1}},"1":{"start":{"line":2,"column":1},"end":{"line":2,"column":28}},"2":{"start":{"line":4,"column":16},"end":{"line":4,"column":34}},"3":{"start":{"line":5,"column":12},"end":{"line":5,"column":21}},"4":{"start":{"line":6,"column":13},"end":{"line":6,"column":17}},"5":{"start":{"line":7,"column":13},"end":{"line":7,"column":28}},"6":{"start":{"line":8,"column":23},"end":{"line":8,"column":62}},"7":{"start":{"line":9,"column":21},"end":{"line":9,"column":58}},"8":{"start":{"line":10,"column":23},"end":{"line":10,"column":62}},"9":{"start":{"line":11,"column":24},"end":{"line":11,"column":64}},"10":{"start":{"line":12,"column":23},"end":{"line":12,"column":62}},"11":{"start":{"line":13,"column":30},"end":{"line":13,"column":76}},"12":{"start":{"line":14,"column":26},"end":{"line":14,"column":68}},"13":{"start":{"line":16,"column":0},"end":{"line":16,"column":47}},"14":{"start":{"line":17,"column":0},"end":{"line":17,"column":23}},"15":{"start":{"line":18,"column":0},"end":{"line":18,"column":15}},"16":{"start":{"line":20,"column":0},"end":{"line":24,"column":2}},"17":{"start":{"line":21,"column":4},"end":{"line":23,"column":6}},"18":{"start":{"line":28,"column":0},"end":{"line":28,"column":55}},"19":{"start":{"line":29,"column":0},"end":{"line":29,"column":54}},"20":{"start":{"line":30,"column":0},"end":{"line":30,"column":51}},"21":{"start":{"line":31,"column":0},"end":{"line":31,"column":57}},"22":{"start":{"line":34,"column":0},"end":{"line":34,"column":40}},"23":{"start":{"line":35,"column":0},"end":{"line":35,"column":46}},"24":{"start":{"line":36,"column":0},"end":{"line":36,"column":53}},"25":{"start":{"line":39,"column":0},"end":{"line":39,"column":23}},"26":{"start":{"line":40,"column":0},"end":{"line":40,"column":59}},"27":{"start":{"line":41,"column":0},"end":{"line":41,"column":60}},"28":{"start":{"line":42,"column":0},"end":{"line":42,"column":69}},"29":{"start":{"line":43,"column":0},"end":{"line":43,"column":65}},"30":{"start":{"line":44,"column":0},"end":{"line":44,"column":64}},"31":{"start":{"line":47,"column":0},"end":{"line":47,"column":80}},"32":{"start":{"line":50,"column":0},"end":{"line":50,"column":21}},"33":{"start":{"line":56,"column":0},"end":{"line":56,"column":20}}},"fnMap":{"0":{"name":"(anonymous_0)","decl":{"start":{"line":20,"column":13},"end":{"line":20,"column":14}},"loc":{"start":{"line":20,"column":26},"end":{"line":24,"column":1}},"line":20}},"branchMap":{"0":{"loc":{"start":{"line":1,"column":0},"end":{"line":3,"column":1}},"type":"if","locations":[{"start":{"line":1,"column":0},"end":{"line":3,"column":1}},{"start":{},"end":{}}],"line":1}},"s":{"0":6,"1":6,"2":6,"3":6,"4":6,"5":6,"6":6,"7":6,"8":6,"9":6,"10":6,"11":6,"12":6,"13":6,"14":6,"15":6,"16":6,"17":0,"18":6,"19":6,"20":6,"21":6,"22":6,"23":6,"24":6,"25":6,"26":6,"27":6,"28":6,"29":6,"30":6,"31":6,"32":6,"33":6},"f":{"0":0},"b":{"0":[6,0]},"_coverageSchema":"1a1c01bbd47fc00a2c39e90264f33305004495a9","hash":"853ea0bb9039d48d8b7d224df6fc4b0fc1d4ddf2"}
,"C:\\Users\\Bowwiiee\\github-classroom\\H8-FSJS-P2S5\\IP-HCK65-DityaIlhami\\IP-HCK65-Individual-Project\\server\\controllers\\gameController.js": {"path":"C:\\Users\\Bowwiiee\\github-classroom\\H8-FSJS-P2S5\\IP-HCK65-DityaIlhami\\IP-HCK65-Individual-Project\\server\\controllers\\gameController.js","statementMap":{"0":{"start":{"line":1,"column":23},"end":{"line":1,"column":43}},"1":{"start":{"line":5,"column":8},"end":{"line":12,"column":9}},"2":{"start":{"line":6,"column":25},"end":{"line":8,"column":14}},"3":{"start":{"line":9,"column":12},"end":{"line":9,"column":38}},"4":{"start":{"line":11,"column":12},"end":{"line":11,"column":23}},"5":{"start":{"line":15,"column":8},"end":{"line":24,"column":9}},"6":{"start":{"line":16,"column":25},"end":{"line":16,"column":35}},"7":{"start":{"line":17,"column":25},"end":{"line":17,"column":49}},"8":{"start":{"line":18,"column":12},"end":{"line":20,"column":13}},"9":{"start":{"line":19,"column":16},"end":{"line":19,"column":70}},"10":{"start":{"line":21,"column":12},"end":{"line":21,"column":38}},"11":{"start":{"line":23,"column":12},"end":{"line":23,"column":23}},"12":{"start":{"line":27,"column":8},"end":{"line":35,"column":9}},"13":{"start":{"line":28,"column":54},"end":{"line":28,"column":62}},"14":{"start":{"line":29,"column":12},"end":{"line":29,"column":65}},"15":{"start":{"line":30,"column":12},"end":{"line":32,"column":14}},"16":{"start":{"line":34,"column":12},"end":{"line":34,"column":23}},"17":{"start":{"line":38,"column":8},"end":{"line":55,"column":9}},"18":{"start":{"line":39,"column":25},"end":{"line":39,"column":35}},"19":{"start":{"line":40,"column":25},"end":{"line":40,"column":49}},"20":{"start":{"line":41,"column":12},"end":{"line":43,"column":13}},"21":{"start":{"line":42,"column":16},"end":{"line":42,"column":70}},"22":{"start":{"line":44,"column":12},"end":{"line":48,"column":14}},"23":{"start":{"line":49,"column":12},"end":{"line":51,"column":14}},"24":{"start":{"line":54,"column":12},"end":{"line":54,"column":23}},"25":{"start":{"line":58,"column":8},"end":{"line":74,"column":9}},"26":{"start":{"line":59,"column":25},"end":{"line":59,"column":35}},"27":{"start":{"line":60,"column":54},"end":{"line":60,"column":62}},"28":{"start":{"line":61,"column":27},"end":{"line":61,"column":51}},"29":{"start":{"line":62,"column":12},"end":{"line":64,"column":13}},"30":{"start":{"line":63,"column":16},"end":{"line":63,"column":70}},"31":{"start":{"line":65,"column":12},"end":{"line":70,"column":14}},"32":{"start":{"line":71,"column":12},"end":{"line":71,"column":40}},"33":{"start":{"line":73,"column":12},"end":{"line":73,"column":23}},"34":{"start":{"line":77,"column":8},"end":{"line":84,"column":9}},"35":{"start":{"line":78,"column":25},"end":{"line":80,"column":14}},"36":{"start":{"line":81,"column":12},"end":{"line":81,"column":38}},"37":{"start":{"line":83,"column":12},"end":{"line":83,"column":23}},"38":{"start":{"line":87,"column":8},"end":{"line":96,"column":9}},"39":{"start":{"line":88,"column":25},"end":{"line":88,"column":35}},"40":{"start":{"line":89,"column":25},"end":{"line":89,"column":49}},"41":{"start":{"line":90,"column":12},"end":{"line":92,"column":13}},"42":{"start":{"line":91,"column":16},"end":{"line":91,"column":70}},"43":{"start":{"line":93,"column":12},"end":{"line":93,"column":38}},"44":{"start":{"line":95,"column":12},"end":{"line":95,"column":23}},"45":{"start":{"line":99,"column":8},"end":{"line":111,"column":9}},"46":{"start":{"line":100,"column":46},"end":{"line":100,"column":55}},"47":{"start":{"line":101,"column":27},"end":{"line":101,"column":48}},"48":{"start":{"line":102,"column":26},"end":{"line":106,"column":16}},"49":{"start":{"line":108,"column":14},"end":{"line":108,"column":42}},"50":{"start":{"line":110,"column":12},"end":{"line":110,"column":23}},"51":{"start":{"line":114,"column":0},"end":{"line":114,"column":31}}},"fnMap":{"0":{"name":"(anonymous_0)","decl":{"start":{"line":4,"column":4},"end":{"line":4,"column":5}},"loc":{"start":{"line":4,"column":40},"end":{"line":13,"column":5}},"line":4},"1":{"name":"(anonymous_1)","decl":{"start":{"line":14,"column":4},"end":{"line":14,"column":5}},"loc":{"start":{"line":14,"column":42},"end":{"line":25,"column":5}},"line":14},"2":{"name":"(anonymous_2)","decl":{"start":{"line":26,"column":4},"end":{"line":26,"column":5}},"loc":{"start":{"line":26,"column":40},"end":{"line":36,"column":5}},"line":26},"3":{"name":"(anonymous_3)","decl":{"start":{"line":37,"column":4},"end":{"line":37,"column":5}},"loc":{"start":{"line":37,"column":43},"end":{"line":56,"column":5}},"line":37},"4":{"name":"(anonymous_4)","decl":{"start":{"line":57,"column":4},"end":{"line":57,"column":5}},"loc":{"start":{"line":57,"column":42},"end":{"line":75,"column":5}},"line":57},"5":{"name":"(anonymous_5)","decl":{"start":{"line":76,"column":4},"end":{"line":76,"column":5}},"loc":{"start":{"line":76,"column":44},"end":{"line":85,"column":5}},"line":76},"6":{"name":"(anonymous_6)","decl":{"start":{"line":86,"column":4},"end":{"line":86,"column":5}},"loc":{"start":{"line":86,"column":46},"end":{"line":97,"column":5}},"line":86},"7":{"name":"(anonymous_7)","decl":{"start":{"line":98,"column":4},"end":{"line":98,"column":5}},"loc":{"start":{"line":98,"column":51},"end":{"line":112,"column":5}},"line":98}},"branchMap":{"0":{"loc":{"start":{"line":18,"column":12},"end":{"line":20,"column":13}},"type":"if","locations":[{"start":{"line":18,"column":12},"end":{"line":20,"column":13}},{"start":{},"end":{}}],"line":18},"1":{"loc":{"start":{"line":41,"column":12},"end":{"line":43,"column":13}},"type":"if","locations":[{"start":{"line":41,"column":12},"end":{"line":43,"column":13}},{"start":{},"end":{}}],"line":41},"2":{"loc":{"start":{"line":62,"column":12},"end":{"line":64,"column":13}},"type":"if","locations":[{"start":{"line":62,"column":12},"end":{"line":64,"column":13}},{"start":{},"end":{}}],"line":62},"3":{"loc":{"start":{"line":90,"column":12},"end":{"line":92,"column":13}},"type":"if","locations":[{"start":{"line":90,"column":12},"end":{"line":92,"column":13}},{"start":{},"end":{}}],"line":90},"4":{"loc":{"start":{"line":100,"column":19},"end":{"line":100,"column":27}},"type":"default-arg","locations":[{"start":{"line":100,"column":26},"end":{"line":100,"column":27}}],"line":100},"5":{"loc":{"start":{"line":100,"column":29},"end":{"line":100,"column":42}},"type":"default-arg","locations":[{"start":{"line":100,"column":40},"end":{"line":100,"column":42}}],"line":100}},"s":{"0":6,"1":0,"2":0,"3":0,"4":0,"5":0,"6":0,"7":0,"8":0,"9":0,"10":0,"11":0,"12":0,"13":0,"14":0,"15":0,"16":0,"17":0,"18":0,"19":0,"20":0,"21":0,"22":0,"23":0,"24":0,"25":0,"26":0,"27":0,"28":0,"29":0,"30":0,"31":0,"32":0,"33":0,"34":0,"35":0,"36":0,"37":0,"38":2,"39":2,"40":2,"41":2,"42":1,"43":1,"44":1,"45":1,"46":1,"47":1,"48":1,"49":1,"50":0,"51":6},"f":{"0":0,"1":0,"2":0,"3":0,"4":0,"5":0,"6":2,"7":1},"b":{"0":[0,0],"1":[0,0],"2":[0,0],"3":[1,1],"4":[1],"5":[1]},"_coverageSchema":"1a1c01bbd47fc00a2c39e90264f33305004495a9","hash":"3158cab7c97672c24e6b3ef71fd6f13ff0425d8e"}
,"C:\\Users\\Bowwiiee\\github-classroom\\H8-FSJS-P2S5\\IP-HCK65-DityaIlhami\\IP-HCK65-Individual-Project\\server\\controllers\\genreController.js": {"path":"C:\\Users\\Bowwiiee\\github-classroom\\H8-FSJS-P2S5\\IP-HCK65-DityaIlhami\\IP-HCK65-Individual-Project\\server\\controllers\\genreController.js","statementMap":{"0":{"start":{"line":1,"column":23},"end":{"line":1,"column":43}},"1":{"start":{"line":5,"column":8},"end":{"line":12,"column":9}},"2":{"start":{"line":6,"column":27},"end":{"line":8,"column":14}},"3":{"start":{"line":9,"column":12},"end":{"line":9,"column":40}},"4":{"start":{"line":11,"column":12},"end":{"line":11,"column":23}},"5":{"start":{"line":15,"column":8},"end":{"line":22,"column":9}},"6":{"start":{"line":16,"column":27},"end":{"line":18,"column":14}},"7":{"start":{"line":19,"column":12},"end":{"line":19,"column":40}},"8":{"start":{"line":21,"column":12},"end":{"line":21,"column":23}},"9":{"start":{"line":25,"column":8},"end":{"line":39,"column":9}},"10":{"start":{"line":26,"column":25},"end":{"line":26,"column":35}},"11":{"start":{"line":27,"column":29},"end":{"line":32,"column":14}},"12":{"start":{"line":33,"column":12},"end":{"line":35,"column":13}},"13":{"start":{"line":34,"column":16},"end":{"line":34,"column":71}},"14":{"start":{"line":36,"column":12},"end":{"line":36,"column":42}},"15":{"start":{"line":38,"column":12},"end":{"line":38,"column":23}},"16":{"start":{"line":42,"column":0},"end":{"line":42,"column":32}}},"fnMap":{"0":{"name":"(anonymous_0)","decl":{"start":{"line":4,"column":4},"end":{"line":4,"column":5}},"loc":{"start":{"line":4,"column":42},"end":{"line":13,"column":5}},"line":4},"1":{"name":"(anonymous_1)","decl":{"start":{"line":14,"column":4},"end":{"line":14,"column":5}},"loc":{"start":{"line":14,"column":45},"end":{"line":23,"column":5}},"line":14},"2":{"name":"(anonymous_2)","decl":{"start":{"line":24,"column":4},"end":{"line":24,"column":5}},"loc":{"start":{"line":24,"column":47},"end":{"line":40,"column":5}},"line":24}},"branchMap":{"0":{"loc":{"start":{"line":33,"column":12},"end":{"line":35,"column":13}},"type":"if","locations":[{"start":{"line":33,"column":12},"end":{"line":35,"column":13}},{"start":{},"end":{}}],"line":33}},"s":{"0":6,"1":0,"2":0,"3":0,"4":0,"5":1,"6":1,"7":1,"8":0,"9":2,"10":2,"11":2,"12":2,"13":2,"14":0,"15":2,"16":6},"f":{"0":0,"1":1,"2":2},"b":{"0":[2,0]},"_coverageSchema":"1a1c01bbd47fc00a2c39e90264f33305004495a9","hash":"280864cd7a2585c7ec95b5de181b3b51c2e51749"}
,"C:\\Users\\Bowwiiee\\github-classroom\\H8-FSJS-P2S5\\IP-HCK65-DityaIlhami\\IP-HCK65-Individual-Project\\server\\controllers\\transactionController.js": {"path":"C:\\Users\\Bowwiiee\\github-classroom\\H8-FSJS-P2S5\\IP-HCK65-DityaIlhami\\IP-HCK65-Individual-Project\\server\\controllers\\transactionController.js","statementMap":{"0":{"start":{"line":1,"column":23},"end":{"line":1,"column":49}},"1":{"start":{"line":2,"column":19},"end":{"line":2,"column":36}},"2":{"start":{"line":3,"column":22},"end":{"line":3,"column":42}},"3":{"start":{"line":7,"column":8},"end":{"line":45,"column":9}},"4":{"start":{"line":8,"column":27},"end":{"line":8,"column":37}},"5":{"start":{"line":9,"column":12},"end":{"line":9,"column":27}},"6":{"start":{"line":10,"column":28},"end":{"line":10,"column":39}},"7":{"start":{"line":14,"column":23},"end":{"line":17,"column":14}},"8":{"start":{"line":18,"column":28},"end":{"line":18,"column":48}},"9":{"start":{"line":19,"column":31},"end":{"line":19,"column":37}},"10":{"start":{"line":20,"column":32},"end":{"line":31,"column":14}},"11":{"start":{"line":33,"column":12},"end":{"line":41,"column":14}},"12":{"start":{"line":42,"column":12},"end":{"line":42,"column":58}},"13":{"start":{"line":44,"column":12},"end":{"line":44,"column":23}},"14":{"start":{"line":48,"column":0},"end":{"line":48,"column":38}}},"fnMap":{"0":{"name":"(anonymous_0)","decl":{"start":{"line":6,"column":4},"end":{"line":6,"column":5}},"loc":{"start":{"line":6,"column":53},"end":{"line":46,"column":5}},"line":6}},"branchMap":{},"s":{"0":6,"1":6,"2":6,"3":0,"4":0,"5":0,"6":0,"7":0,"8":0,"9":0,"10":0,"11":0,"12":0,"13":0,"14":6},"f":{"0":0},"b":{},"_coverageSchema":"1a1c01bbd47fc00a2c39e90264f33305004495a9","hash":"178e31f2ce2b05fdf50bf44c5ce1505cecc560b4"}
,"C:\\Users\\Bowwiiee\\github-classroom\\H8-FSJS-P2S5\\IP-HCK65-DityaIlhami\\IP-HCK65-Individual-Project\\server\\controllers\\userController.js": {"path":"C:\\Users\\Bowwiiee\\github-classroom\\H8-FSJS-P2S5\\IP-HCK65-DityaIlhami\\IP-HCK65-Individual-Project\\server\\controllers\\userController.js","statementMap":{"0":{"start":{"line":1,"column":17},"end":{"line":1,"column":37}},"1":{"start":{"line":2,"column":24},"end":{"line":2,"column":52}},"2":{"start":{"line":3,"column":22},"end":{"line":3,"column":47}},"3":{"start":{"line":4,"column":25},"end":{"line":4,"column":55}},"4":{"start":{"line":5,"column":15},"end":{"line":5,"column":33}},"5":{"start":{"line":9,"column":4},"end":{"line":31,"column":5}},"6":{"start":{"line":10,"column":34},"end":{"line":10,"column":42}},"7":{"start":{"line":11,"column":6},"end":{"line":13,"column":7}},"8":{"start":{"line":12,"column":8},"end":{"line":12,"column":68}},"9":{"start":{"line":14,"column":6},"end":{"line":16,"column":7}},"10":{"start":{"line":15,"column":8},"end":{"line":15,"column":71}},"11":{"start":{"line":17,"column":19},"end":{"line":17,"column":59}},"12":{"start":{"line":18,"column":6},"end":{"line":20,"column":7}},"13":{"start":{"line":19,"column":8},"end":{"line":19,"column":76}},"14":{"start":{"line":21,"column":28},"end":{"line":21,"column":64}},"15":{"start":{"line":22,"column":6},"end":{"line":24,"column":7}},"16":{"start":{"line":23,"column":8},"end":{"line":23,"column":77}},"17":{"start":{"line":25,"column":27},"end":{"line":25,"column":70}},"18":{"start":{"line":27,"column":6},"end":{"line":27,"column":45}},"19":{"start":{"line":30,"column":6},"end":{"line":30,"column":18}},"20":{"start":{"line":34,"column":4},"end":{"line":53,"column":5}},"21":{"start":{"line":35,"column":44},"end":{"line":35,"column":52}},"22":{"start":{"line":36,"column":8},"end":{"line":38,"column":9}},"23":{"start":{"line":37,"column":12},"end":{"line":37,"column":71}},"24":{"start":{"line":39,"column":8},"end":{"line":41,"column":9}},"25":{"start":{"line":40,"column":12},"end":{"line":40,"column":74}},"26":{"start":{"line":42,"column":21},"end":{"line":44,"column":10}},"27":{"start":{"line":45,"column":8},"end":{"line":49,"column":10}},"28":{"start":{"line":52,"column":8},"end":{"line":52,"column":19}},"29":{"start":{"line":56,"column":4},"end":{"line":85,"column":5}},"30":{"start":{"line":57,"column":29},"end":{"line":57,"column":37}},"31":{"start":{"line":60,"column":21},"end":{"line":63,"column":8}},"32":{"start":{"line":64,"column":22},"end":{"line":64,"column":41}},"33":{"start":{"line":65,"column":30},"end":{"line":74,"column":8}},"34":{"start":{"line":75,"column":27},"end":{"line":75,"column":70}},"35":{"start":{"line":76,"column":6},"end":{"line":82,"column":8}},"36":{"start":{"line":84,"column":6},"end":{"line":84,"column":17}},"37":{"start":{"line":89,"column":0},"end":{"line":89,"column":32}}},"fnMap":{"0":{"name":"(anonymous_0)","decl":{"start":{"line":8,"column":2},"end":{"line":8,"column":3}},"loc":{"start":{"line":8,"column":37},"end":{"line":32,"column":3}},"line":8},"1":{"name":"(anonymous_1)","decl":{"start":{"line":33,"column":2},"end":{"line":33,"column":3}},"loc":{"start":{"line":33,"column":40},"end":{"line":54,"column":3}},"line":33},"2":{"name":"(anonymous_2)","decl":{"start":{"line":55,"column":2},"end":{"line":55,"column":3}},"loc":{"start":{"line":55,"column":42},"end":{"line":86,"column":3}},"line":55}},"branchMap":{"0":{"loc":{"start":{"line":11,"column":6},"end":{"line":13,"column":7}},"type":"if","locations":[{"start":{"line":11,"column":6},"end":{"line":13,"column":7}},{"start":{},"end":{}}],"line":11},"1":{"loc":{"start":{"line":14,"column":6},"end":{"line":16,"column":7}},"type":"if","locations":[{"start":{"line":14,"column":6},"end":{"line":16,"column":7}},{"start":{},"end":{}}],"line":14},"2":{"loc":{"start":{"line":18,"column":6},"end":{"line":20,"column":7}},"type":"if","locations":[{"start":{"line":18,"column":6},"end":{"line":20,"column":7}},{"start":{},"end":{}}],"line":18},"3":{"loc":{"start":{"line":22,"column":6},"end":{"line":24,"column":7}},"type":"if","locations":[{"start":{"line":22,"column":6},"end":{"line":24,"column":7}},{"start":{},"end":{}}],"line":22},"4":{"loc":{"start":{"line":36,"column":8},"end":{"line":38,"column":9}},"type":"if","locations":[{"start":{"line":36,"column":8},"end":{"line":38,"column":9}},{"start":{},"end":{}}],"line":36},"5":{"loc":{"start":{"line":39,"column":8},"end":{"line":41,"column":9}},"type":"if","locations":[{"start":{"line":39,"column":8},"end":{"line":41,"column":9}},{"start":{},"end":{}}],"line":39},"6":{"loc":{"start":{"line":76,"column":17},"end":{"line":76,"column":34}},"type":"cond-expr","locations":[{"start":{"line":76,"column":27},"end":{"line":76,"column":30}},{"start":{"line":76,"column":31},"end":{"line":76,"column":34}}],"line":76}},"s":{"0":6,"1":6,"2":6,"3":6,"4":6,"5":5,"6":5,"7":5,"8":1,"9":4,"10":1,"11":3,"12":3,"13":1,"14":2,"15":2,"16":1,"17":1,"18":1,"19":4,"20":6,"21":6,"22":6,"23":2,"24":4,"25":2,"26":2,"27":1,"28":5,"29":0,"30":0,"31":0,"32":0,"33":0,"34":0,"35":0,"36":0,"37":6},"f":{"0":5,"1":6,"2":0},"b":{"0":[1,4],"1":[1,3],"2":[1,2],"3":[1,1],"4":[2,4],"5":[2,2],"6":[0,0]},"_coverageSchema":"1a1c01bbd47fc00a2c39e90264f33305004495a9","hash":"5db474057f5410517e4a7bedf2ebf89bbd69972e"}
,"C:\\Users\\Bowwiiee\\github-classroom\\H8-FSJS-P2S5\\IP-HCK65-DityaIlhami\\IP-HCK65-Individual-Project\\server\\helpers\\bcrypt.js": {"path":"C:\\Users\\Bowwiiee\\github-classroom\\H8-FSJS-P2S5\\IP-HCK65-DityaIlhami\\IP-HCK65-Individual-Project\\server\\helpers\\bcrypt.js","statementMap":{"0":{"start":{"line":1,"column":15},"end":{"line":1,"column":32}},"1":{"start":{"line":3,"column":17},"end":{"line":6,"column":1}},"2":{"start":{"line":4,"column":17},"end":{"line":4,"column":39}},"3":{"start":{"line":5,"column":4},"end":{"line":5,"column":42}},"4":{"start":{"line":8,"column":20},"end":{"line":10,"column":1}},"5":{"start":{"line":9,"column":4},"end":{"line":9,"column":53}},"6":{"start":{"line":12,"column":0},"end":{"line":12,"column":40}}},"fnMap":{"0":{"name":"(anonymous_0)","decl":{"start":{"line":3,"column":17},"end":{"line":3,"column":18}},"loc":{"start":{"line":3,"column":31},"end":{"line":6,"column":1}},"line":3},"1":{"name":"(anonymous_1)","decl":{"start":{"line":8,"column":20},"end":{"line":8,"column":21}},"loc":{"start":{"line":8,"column":48},"end":{"line":10,"column":1}},"line":8}},"branchMap":{},"s":{"0":6,"1":6,"2":5,"3":5,"4":6,"5":2,"6":6},"f":{"0":5,"1":2},"b":{},"_coverageSchema":"1a1c01bbd47fc00a2c39e90264f33305004495a9","hash":"47216a019750697ab26219c7cb699e670965cadf"}
,"C:\\Users\\Bowwiiee\\github-classroom\\H8-FSJS-P2S5\\IP-HCK65-DityaIlhami\\IP-HCK65-Individual-Project\\server\\helpers\\jwt.js": {"path":"C:\\Users\\Bowwiiee\\github-classroom\\H8-FSJS-P2S5\\IP-HCK65-DityaIlhami\\IP-HCK65-Individual-Project\\server\\helpers\\jwt.js","statementMap":{"0":{"start":{"line":1,"column":12},"end":{"line":1,"column":35}},"1":{"start":{"line":2,"column":18},"end":{"line":2,"column":40}},"2":{"start":{"line":4,"column":18},"end":{"line":6,"column":1}},"3":{"start":{"line":5,"column":4},"end":{"line":5,"column":40}},"4":{"start":{"line":7,"column":20},"end":{"line":9,"column":1}},"5":{"start":{"line":8,"column":4},"end":{"line":8,"column":40}},"6":{"start":{"line":11,"column":0},"end":{"line":11,"column":41}}},"fnMap":{"0":{"name":"(anonymous_0)","decl":{"start":{"line":4,"column":18},"end":{"line":4,"column":19}},"loc":{"start":{"line":4,"column":31},"end":{"line":6,"column":1}},"line":4},"1":{"name":"(anonymous_1)","decl":{"start":{"line":7,"column":20},"end":{"line":7,"column":21}},"loc":{"start":{"line":7,"column":31},"end":{"line":9,"column":1}},"line":7}},"branchMap":{},"s":{"0":6,"1":6,"2":6,"3":3,"4":6,"5":3,"6":6},"f":{"0":3,"1":3},"b":{},"_coverageSchema":"1a1c01bbd47fc00a2c39e90264f33305004495a9","hash":"cc6890455f7aae48b38d7c1d2bec895170605ebe"}
,"C:\\Users\\Bowwiiee\\github-classroom\\H8-FSJS-P2S5\\IP-HCK65-DityaIlhami\\IP-HCK65-Individual-Project\\server\\middlewares\\authentication.js": {"path":"C:\\Users\\Bowwiiee\\github-classroom\\H8-FSJS-P2S5\\IP-HCK65-DityaIlhami\\IP-HCK65-Individual-Project\\server\\middlewares\\authentication.js","statementMap":{"0":{"start":{"line":1,"column":24},"end":{"line":1,"column":49}},"1":{"start":{"line":2,"column":17},"end":{"line":2,"column":37}},"2":{"start":{"line":4,"column":0},"end":{"line":29,"column":1}},"3":{"start":{"line":5,"column":4},"end":{"line":28,"column":5}},"4":{"start":{"line":6,"column":20},"end":{"line":6,"column":45}},"5":{"start":{"line":8,"column":8},"end":{"line":10,"column":9}},"6":{"start":{"line":9,"column":12},"end":{"line":9,"column":42}},"7":{"start":{"line":11,"column":8},"end":{"line":13,"column":9}},"8":{"start":{"line":12,"column":12},"end":{"line":12,"column":42}},"9":{"start":{"line":14,"column":8},"end":{"line":14,"column":30}},"10":{"start":{"line":15,"column":22},"end":{"line":15,"column":40}},"11":{"start":{"line":16,"column":19},"end":{"line":16,"column":50}},"12":{"start":{"line":17,"column":8},"end":{"line":19,"column":9}},"13":{"start":{"line":18,"column":12},"end":{"line":18,"column":42}},"14":{"start":{"line":20,"column":8},"end":{"line":23,"column":9}},"15":{"start":{"line":24,"column":8},"end":{"line":24,"column":14}},"16":{"start":{"line":27,"column":8},"end":{"line":27,"column":20}}},"fnMap":{"0":{"name":"authentication","decl":{"start":{"line":4,"column":32},"end":{"line":4,"column":46}},"loc":{"start":{"line":4,"column":63},"end":{"line":29,"column":1}},"line":4}},"branchMap":{"0":{"loc":{"start":{"line":8,"column":8},"end":{"line":10,"column":9}},"type":"if","locations":[{"start":{"line":8,"column":8},"end":{"line":10,"column":9}},{"start":{},"end":{}}],"line":8},"1":{"loc":{"start":{"line":11,"column":8},"end":{"line":13,"column":9}},"type":"if","locations":[{"start":{"line":11,"column":8},"end":{"line":13,"column":9}},{"start":{},"end":{}}],"line":11},"2":{"loc":{"start":{"line":17,"column":8},"end":{"line":19,"column":9}},"type":"if","locations":[{"start":{"line":17,"column":8},"end":{"line":19,"column":9}},{"start":{},"end":{}}],"line":17}},"s":{"0":6,"1":6,"2":6,"3":4,"4":4,"5":4,"6":1,"7":3,"8":0,"9":3,"10":3,"11":2,"12":2,"13":2,"14":0,"15":0,"16":4},"f":{"0":4},"b":{"0":[1,3],"1":[0,3],"2":[2,0]},"_coverageSchema":"1a1c01bbd47fc00a2c39e90264f33305004495a9","hash":"310d73480a64e8df61a3d6799044994f72e54c92"}
,"C:\\Users\\Bowwiiee\\github-classroom\\H8-FSJS-P2S5\\IP-HCK65-DityaIlhami\\IP-HCK65-Individual-Project\\server\\middlewares\\errorHandler.js": {"path":"C:\\Users\\Bowwiiee\\github-classroom\\H8-FSJS-P2S5\\IP-HCK65-DityaIlhami\\IP-HCK65-Individual-Project\\server\\middlewares\\errorHandler.js","statementMap":{"0":{"start":{"line":1,"column":0},"end":{"line":38,"column":1}},"1":{"start":{"line":2,"column":17},"end":{"line":2,"column":36}},"2":{"start":{"line":3,"column":18},"end":{"line":3,"column":58}},"3":{"start":{"line":5,"column":4},"end":{"line":33,"column":5}},"4":{"start":{"line":7,"column":12},"end":{"line":7,"column":24}},"5":{"start":{"line":9,"column":12},"end":{"line":9,"column":24}},"6":{"start":{"line":11,"column":12},"end":{"line":11,"column":18}},"7":{"start":{"line":13,"column":12},"end":{"line":13,"column":24}},"8":{"start":{"line":14,"column":12},"end":{"line":14,"column":45}},"9":{"start":{"line":15,"column":12},"end":{"line":15,"column":18}},"10":{"start":{"line":17,"column":12},"end":{"line":17,"column":24}},"11":{"start":{"line":18,"column":12},"end":{"line":18,"column":45}},"12":{"start":{"line":19,"column":12},"end":{"line":19,"column":18}},"13":{"start":{"line":22,"column":12},"end":{"line":22,"column":24}},"14":{"start":{"line":23,"column":12},"end":{"line":23,"column":37}},"15":{"start":{"line":24,"column":12},"end":{"line":24,"column":18}},"16":{"start":{"line":26,"column":12},"end":{"line":26,"column":24}},"17":{"start":{"line":27,"column":12},"end":{"line":27,"column":46}},"18":{"start":{"line":28,"column":12},"end":{"line":28,"column":18}},"19":{"start":{"line":30,"column":12},"end":{"line":30,"column":24}},"20":{"start":{"line":31,"column":12},"end":{"line":31,"column":18}},"21":{"start":{"line":35,"column":4},"end":{"line":37,"column":6}}},"fnMap":{"0":{"name":"(anonymous_0)","decl":{"start":{"line":1,"column":17},"end":{"line":1,"column":18}},"loc":{"start":{"line":1,"column":44},"end":{"line":38,"column":1}},"line":1}},"branchMap":{"0":{"loc":{"start":{"line":2,"column":17},"end":{"line":2,"column":36}},"type":"binary-expr","locations":[{"start":{"line":2,"column":17},"end":{"line":2,"column":29}},{"start":{"line":2,"column":33},"end":{"line":2,"column":36}}],"line":2},"1":{"loc":{"start":{"line":3,"column":18},"end":{"line":3,"column":58}},"type":"binary-expr","locations":[{"start":{"line":3,"column":18},"end":{"line":3,"column":31}},{"start":{"line":3,"column":35},"end":{"line":3,"column":58}}],"line":3},"2":{"loc":{"start":{"line":5,"column":4},"end":{"line":33,"column":5}},"type":"switch","locations":[{"start":{"line":6,"column":8},"end":{"line":7,"column":24}},{"start":{"line":8,"column":8},"end":{"line":11,"column":18}},{"start":{"line":12,"column":8},"end":{"line":15,"column":18}},{"start":{"line":16,"column":8},"end":{"line":19,"column":18}},{"start":{"line":20,"column":8},"end":{"line":20,"column":28}},{"start":{"line":21,"column":8},"end":{"line":24,"column":18}},{"start":{"line":25,"column":8},"end":{"line":28,"column":18}},{"start":{"line":29,"column":8},"end":{"line":31,"column":18}}],"line":5}},"s":{"0":6,"1":16,"2":16,"3":16,"4":7,"5":8,"6":8,"7":1,"8":1,"9":1,"10":0,"11":0,"12":0,"13":1,"14":1,"15":1,"16":0,"17":0,"18":0,"19":0,"20":0,"21":16},"f":{"0":16},"b":{"0":[16,16],"1":[16,3],"2":[7,8,1,0,0,1,0,0]},"_coverageSchema":"1a1c01bbd47fc00a2c39e90264f33305004495a9","hash":"f707711d039b06bb109a6d145ccc989d65df71fa"}
,"C:\\Users\\Bowwiiee\\github-classroom\\H8-FSJS-P2S5\\IP-HCK65-DityaIlhami\\IP-HCK65-Individual-Project\\server\\middlewares\\userAuthorization.js": {"path":"C:\\Users\\Bowwiiee\\github-classroom\\H8-FSJS-P2S5\\IP-HCK65-DityaIlhami\\IP-HCK65-Individual-Project\\server\\middlewares\\userAuthorization.js","statementMap":{"0":{"start":{"line":1,"column":16},"end":{"line":1,"column":36}},"1":{"start":{"line":3,"column":0},"end":{"line":20,"column":1}},"2":{"start":{"line":4,"column":4},"end":{"line":19,"column":5}},"3":{"start":{"line":5,"column":8},"end":{"line":7,"column":9}},"4":{"start":{"line":6,"column":12},"end":{"line":6,"column":25}},"5":{"start":{"line":8,"column":19},"end":{"line":8,"column":54}},"6":{"start":{"line":9,"column":8},"end":{"line":11,"column":9}},"7":{"start":{"line":10,"column":12},"end":{"line":10,"column":41}},"8":{"start":{"line":12,"column":19},"end":{"line":12,"column":27}},"9":{"start":{"line":13,"column":8},"end":{"line":15,"column":9}},"10":{"start":{"line":14,"column":12},"end":{"line":14,"column":41}},"11":{"start":{"line":16,"column":8},"end":{"line":16,"column":14}},"12":{"start":{"line":18,"column":8},"end":{"line":18,"column":19}}},"fnMap":{"0":{"name":"authorization","decl":{"start":{"line":3,"column":32},"end":{"line":3,"column":45}},"loc":{"start":{"line":3,"column":62},"end":{"line":20,"column":1}},"line":3}},"branchMap":{"0":{"loc":{"start":{"line":5,"column":8},"end":{"line":7,"column":9}},"type":"if","locations":[{"start":{"line":5,"column":8},"end":{"line":7,"column":9}},{"start":{},"end":{}}],"line":5},"1":{"loc":{"start":{"line":9,"column":8},"end":{"line":11,"column":9}},"type":"if","locations":[{"start":{"line":9,"column":8},"end":{"line":11,"column":9}},{"start":{},"end":{}}],"line":9},"2":{"loc":{"start":{"line":13,"column":8},"end":{"line":15,"column":9}},"type":"if","locations":[{"start":{"line":13,"column":8},"end":{"line":15,"column":9}},{"start":{},"end":{}}],"line":13}},"s":{"0":6,"1":6,"2":0,"3":0,"4":0,"5":0,"6":0,"7":0,"8":0,"9":0,"10":0,"11":0,"12":0},"f":{"0":0},"b":{"0":[0,0],"1":[0,0],"2":[0,0]},"_coverageSchema":"1a1c01bbd47fc00a2c39e90264f33305004495a9","hash":"e3bc9e755fdc4c976d608e71963417c4587406ac"}
,"C:\\Users\\Bowwiiee\\github-classroom\\H8-FSJS-P2S5\\IP-HCK65-DityaIlhami\\IP-HCK65-Individual-Project\\server\\models\\games.js": {"path":"C:\\Users\\Bowwiiee\\github-classroom\\H8-FSJS-P2S5\\IP-HCK65-DityaIlhami\\IP-HCK65-Individual-Project\\server\\models\\games.js","statementMap":{"0":{"start":{"line":4,"column":4},"end":{"line":4,"column":24}},"1":{"start":{"line":5,"column":0},"end":{"line":69,"column":2}},"2":{"start":{"line":14,"column":6},"end":{"line":17,"column":8}},"3":{"start":{"line":18,"column":6},"end":{"line":20,"column":8}},"4":{"start":{"line":23,"column":2},"end":{"line":67,"column":5}},"5":{"start":{"line":68,"column":2},"end":{"line":68,"column":15}}},"fnMap":{"0":{"name":"(anonymous_0)","decl":{"start":{"line":5,"column":17},"end":{"line":5,"column":18}},"loc":{"start":{"line":5,"column":43},"end":{"line":69,"column":1}},"line":5},"1":{"name":"(anonymous_1)","decl":{"start":{"line":12,"column":4},"end":{"line":12,"column":5}},"loc":{"start":{"line":12,"column":29},"end":{"line":21,"column":5}},"line":12}},"branchMap":{},"s":{"0":6,"1":6,"2":6,"3":6,"4":6,"5":6},"f":{"0":6,"1":6},"b":{},"_coverageSchema":"1a1c01bbd47fc00a2c39e90264f33305004495a9","hash":"c24c091dcc3886c7c209e5b7a1411388017e52a8"}
,"C:\\Users\\Bowwiiee\\github-classroom\\H8-FSJS-P2S5\\IP-HCK65-DityaIlhami\\IP-HCK65-Individual-Project\\server\\models\\genre.js": {"path":"C:\\Users\\Bowwiiee\\github-classroom\\H8-FSJS-P2S5\\IP-HCK65-DityaIlhami\\IP-HCK65-Individual-Project\\server\\models\\genre.js","statementMap":{"0":{"start":{"line":4,"column":4},"end":{"line":4,"column":24}},"1":{"start":{"line":5,"column":0},"end":{"line":46,"column":2}},"2":{"start":{"line":14,"column":6},"end":{"line":16,"column":8}},"3":{"start":{"line":19,"column":2},"end":{"line":44,"column":5}},"4":{"start":{"line":45,"column":2},"end":{"line":45,"column":15}}},"fnMap":{"0":{"name":"(anonymous_0)","decl":{"start":{"line":5,"column":17},"end":{"line":5,"column":18}},"loc":{"start":{"line":5,"column":43},"end":{"line":46,"column":1}},"line":5},"1":{"name":"(anonymous_1)","decl":{"start":{"line":12,"column":4},"end":{"line":12,"column":5}},"loc":{"start":{"line":12,"column":29},"end":{"line":17,"column":5}},"line":12}},"branchMap":{},"s":{"0":6,"1":6,"2":6,"3":6,"4":6},"f":{"0":6,"1":6},"b":{},"_coverageSchema":"1a1c01bbd47fc00a2c39e90264f33305004495a9","hash":"e127ddf05e3eaeb759aaaeeea19a6cef013f6ffc"}
,"C:\\Users\\Bowwiiee\\github-classroom\\H8-FSJS-P2S5\\IP-HCK65-DityaIlhami\\IP-HCK65-Individual-Project\\server\\models\\index.js": {"path":"C:\\Users\\Bowwiiee\\github-classroom\\H8-FSJS-P2S5\\IP-HCK65-DityaIlhami\\IP-HCK65-Individual-Project\\server\\models\\index.js","statementMap":{"0":{"start":{"line":3,"column":11},"end":{"line":3,"column":24}},"1":{"start":{"line":4,"column":13},"end":{"line":4,"column":28}},"2":{"start":{"line":5,"column":18},"end":{"line":5,"column":38}},"3":{"start":{"line":6,"column":16},"end":{"line":6,"column":34}},"4":{"start":{"line":7,"column":17},"end":{"line":7,"column":42}},"5":{"start":{"line":8,"column":12},"end":{"line":8,"column":49}},"6":{"start":{"line":9,"column":15},"end":{"line":9,"column":65}},"7":{"start":{"line":10,"column":11},"end":{"line":10,"column":13}},"8":{"start":{"line":13,"column":0},"end":{"line":17,"column":1}},"9":{"start":{"line":14,"column":2},"end":{"line":14,"column":74}},"10":{"start":{"line":16,"column":2},"end":{"line":16,"column":87}},"11":{"start":{"line":19,"column":0},"end":{"line":32,"column":5}},"12":{"start":{"line":22,"column":4},"end":{"line":27,"column":6}},"13":{"start":{"line":30,"column":18},"end":{"line":30,"column":85}},"14":{"start":{"line":31,"column":4},"end":{"line":31,"column":27}},"15":{"start":{"line":34,"column":0},"end":{"line":38,"column":3}},"16":{"start":{"line":35,"column":2},"end":{"line":37,"column":3}},"17":{"start":{"line":36,"column":4},"end":{"line":36,"column":32}},"18":{"start":{"line":40,"column":0},"end":{"line":40,"column":25}},"19":{"start":{"line":41,"column":0},"end":{"line":41,"column":25}},"20":{"start":{"line":43,"column":0},"end":{"line":43,"column":20}}},"fnMap":{"0":{"name":"(anonymous_0)","decl":{"start":{"line":21,"column":10},"end":{"line":21,"column":11}},"loc":{"start":{"line":21,"column":18},"end":{"line":28,"column":3}},"line":21},"1":{"name":"(anonymous_1)","decl":{"start":{"line":29,"column":11},"end":{"line":29,"column":12}},"loc":{"start":{"line":29,"column":19},"end":{"line":32,"column":3}},"line":29},"2":{"name":"(anonymous_2)","decl":{"start":{"line":34,"column":24},"end":{"line":34,"column":25}},"loc":{"start":{"line":34,"column":37},"end":{"line":38,"column":1}},"line":34}},"branchMap":{"0":{"loc":{"start":{"line":8,"column":12},"end":{"line":8,"column":49}},"type":"binary-expr","locations":[{"start":{"line":8,"column":12},"end":{"line":8,"column":32}},{"start":{"line":8,"column":36},"end":{"line":8,"column":49}}],"line":8},"1":{"loc":{"start":{"line":13,"column":0},"end":{"line":17,"column":1}},"type":"if","locations":[{"start":{"line":13,"column":0},"end":{"line":17,"column":1}},{"start":{"line":15,"column":7},"end":{"line":17,"column":1}}],"line":13},"2":{"loc":{"start":{"line":23,"column":6},"end":{"line":26,"column":37}},"type":"binary-expr","locations":[{"start":{"line":23,"column":6},"end":{"line":23,"column":29}},{"start":{"line":24,"column":6},"end":{"line":24,"column":23}},{"start":{"line":25,"column":6},"end":{"line":25,"column":30}},{"start":{"line":26,"column":6},"end":{"line":26,"column":37}}],"line":23},"3":{"loc":{"start":{"line":35,"column":2},"end":{"line":37,"column":3}},"type":"if","locations":[{"start":{"line":35,"column":2},"end":{"line":37,"column":3}},{"start":{},"end":{}}],"line":35}},"s":{"0":6,"1":6,"2":6,"3":6,"4":6,"5":6,"6":6,"7":6,"8":6,"9":0,"10":6,"11":6,"12":30,"13":24,"14":24,"15":6,"16":24,"17":24,"18":6,"19":6,"20":6},"f":{"0":30,"1":24,"2":24},"b":{"0":[6,0],"1":[0,6],"2":[30,30,24,24],"3":[24,0]},"_coverageSchema":"1a1c01bbd47fc00a2c39e90264f33305004495a9","hash":"c2d4682546ad850d5c13ecb0f34cace45ee8fa5b"}
,"C:\\Users\\Bowwiiee\\github-classroom\\H8-FSJS-P2S5\\IP-HCK65-DityaIlhami\\IP-HCK65-Individual-Project\\server\\models\\transaction.js": {"path":"C:\\Users\\Bowwiiee\\github-classroom\\H8-FSJS-P2S5\\IP-HCK65-DityaIlhami\\IP-HCK65-Individual-Project\\server\\models\\transaction.js","statementMap":{"0":{"start":{"line":4,"column":4},"end":{"line":4,"column":24}},"1":{"start":{"line":5,"column":0},"end":{"line":34,"column":2}},"2":{"start":{"line":14,"column":6},"end":{"line":16,"column":8}},"3":{"start":{"line":17,"column":6},"end":{"line":19,"column":8}},"4":{"start":{"line":22,"column":2},"end":{"line":32,"column":5}},"5":{"start":{"line":33,"column":2},"end":{"line":33,"column":21}}},"fnMap":{"0":{"name":"(anonymous_0)","decl":{"start":{"line":5,"column":17},"end":{"line":5,"column":18}},"loc":{"start":{"line":5,"column":43},"end":{"line":34,"column":1}},"line":5},"1":{"name":"(anonymous_1)","decl":{"start":{"line":12,"column":4},"end":{"line":12,"column":5}},"loc":{"start":{"line":12,"column":29},"end":{"line":20,"column":5}},"line":12}},"branchMap":{},"s":{"0":6,"1":6,"2":6,"3":6,"4":6,"5":6},"f":{"0":6,"1":6},"b":{},"_coverageSchema":"1a1c01bbd47fc00a2c39e90264f33305004495a9","hash":"6bd080e02636886116befcd483b45978a95c101c"}
,"C:\\Users\\Bowwiiee\\github-classroom\\H8-FSJS-P2S5\\IP-HCK65-DityaIlhami\\IP-HCK65-Individual-Project\\server\\models\\user.js": {"path":"C:\\Users\\Bowwiiee\\github-classroom\\H8-FSJS-P2S5\\IP-HCK65-DityaIlhami\\IP-HCK65-Individual-Project\\server\\models\\user.js","statementMap":{"0":{"start":{"line":4,"column":4},"end":{"line":4,"column":24}},"1":{"start":{"line":5,"column":21},"end":{"line":5,"column":49}},"2":{"start":{"line":6,"column":0},"end":{"line":72,"column":2}},"3":{"start":{"line":15,"column":6},"end":{"line":18,"column":8}},"4":{"start":{"line":21,"column":2},"end":{"line":70,"column":5}},"5":{"start":{"line":65,"column":8},"end":{"line":65,"column":55}},"6":{"start":{"line":71,"column":2},"end":{"line":71,"column":14}}},"fnMap":{"0":{"name":"(anonymous_0)","decl":{"start":{"line":6,"column":17},"end":{"line":6,"column":18}},"loc":{"start":{"line":6,"column":43},"end":{"line":72,"column":1}},"line":6},"1":{"name":"(anonymous_1)","decl":{"start":{"line":13,"column":4},"end":{"line":13,"column":5}},"loc":{"start":{"line":13,"column":29},"end":{"line":19,"column":5}},"line":13},"2":{"name":"(anonymous_2)","decl":{"start":{"line":64,"column":6},"end":{"line":64,"column":7}},"loc":{"start":{"line":64,"column":37},"end":{"line":66,"column":7}},"line":64}},"branchMap":{},"s":{"0":6,"1":6,"2":6,"3":6,"4":6,"5":4,"6":6},"f":{"0":6,"1":6,"2":4},"b":{},"_coverageSchema":"1a1c01bbd47fc00a2c39e90264f33305004495a9","hash":"d42a3b49150a36c4a4cfe24ac88f3225f82c5ee5"}
}
