TN:
SF:app.js
FN:20,(anonymous_0)
FNF:1
FNH:0
FNDA:0,(anonymous_0)
DA:1,6
DA:2,6
DA:4,6
DA:5,6
DA:6,6
DA:7,6
DA:8,6
DA:9,6
DA:10,6
DA:11,6
DA:12,6
DA:13,6
DA:14,6
DA:16,6
DA:17,6
DA:18,6
DA:20,6
DA:21,0
DA:28,6
DA:29,6
DA:30,6
DA:31,6
DA:34,6
DA:35,6
DA:36,6
DA:39,6
DA:40,6
DA:41,6
DA:42,6
DA:43,6
DA:44,6
DA:47,6
DA:50,6
DA:56,6
LF:34
LH:33
BRDA:1,0,0,6
BRDA:1,0,1,0
BRF:2
BRH:1
end_of_record
TN:
SF:controllers\gameController.js
FN:4,(anonymous_0)
FN:14,(anonymous_1)
FN:26,(anonymous_2)
FN:37,(anonymous_3)
FN:57,(anonymous_4)
FN:76,(anonymous_5)
FN:86,(anonymous_6)
FN:98,(anonymous_7)
FNF:8
FNH:2
FNDA:0,(anonymous_0)
FNDA:0,(anonymous_1)
FNDA:0,(anonymous_2)
FNDA:0,(anonymous_3)
FNDA:0,(anonymous_4)
FNDA:0,(anonymous_5)
FNDA:2,(anonymous_6)
FNDA:1,(anonymous_7)
DA:1,6
DA:5,0
DA:6,0
DA:9,0
DA:11,0
DA:15,0
DA:16,0
DA:17,0
DA:18,0
DA:19,0
DA:21,0
DA:23,0
DA:27,0
DA:28,0
DA:29,0
DA:30,0
DA:34,0
DA:38,0
DA:39,0
DA:40,0
DA:41,0
DA:42,0
DA:44,0
DA:49,0
DA:54,0
DA:58,0
DA:59,0
DA:60,0
DA:61,0
DA:62,0
DA:63,0
DA:65,0
DA:71,0
DA:73,0
DA:77,0
DA:78,0
DA:81,0
DA:83,0
DA:87,2
DA:88,2
DA:89,2
DA:90,2
DA:91,1
DA:93,1
DA:95,1
DA:99,1
DA:100,1
DA:101,1
DA:102,1
DA:108,1
DA:110,0
DA:114,6
LF:52
LH:14
BRDA:18,0,0,0
BRDA:18,0,1,0
BRDA:41,1,0,0
BRDA:41,1,1,0
BRDA:62,2,0,0
BRDA:62,2,1,0
BRDA:90,3,0,1
BRDA:90,3,1,1
BRDA:100,4,0,1
BRDA:100,5,0,1
BRF:10
BRH:4
end_of_record
TN:
SF:controllers\genreController.js
FN:4,(anonymous_0)
FN:14,(anonymous_1)
FN:24,(anonymous_2)
FNF:3
FNH:2
FNDA:0,(anonymous_0)
FNDA:1,(anonymous_1)
FNDA:2,(anonymous_2)
DA:1,6
DA:5,0
DA:6,0
DA:9,0
DA:11,0
DA:15,1
DA:16,1
DA:19,1
DA:21,0
DA:25,2
DA:26,2
DA:27,2
DA:33,2
DA:34,2
DA:36,0
DA:38,2
DA:42,6
LF:17
LH:11
BRDA:33,0,0,2
BRDA:33,0,1,0
BRF:2
BRH:1
end_of_record
TN:
SF:controllers\transactionController.js
FN:6,(anonymous_0)
FNF:1
FNH:0
FNDA:0,(anonymous_0)
DA:1,6
DA:2,6
DA:3,6
DA:7,0
DA:8,0
DA:9,0
DA:10,0
DA:14,0
DA:18,0
DA:19,0
DA:20,0
DA:33,0
DA:42,0
DA:44,0
DA:48,6
LF:15
LH:4
BRF:0
BRH:0
end_of_record
TN:
SF:controllers\userController.js
FN:8,(anonymous_0)
FN:33,(anonymous_1)
FN:55,(anonymous_2)
FNF:3
FNH:2
FNDA:5,(anonymous_0)
FNDA:6,(anonymous_1)
FNDA:0,(anonymous_2)
DA:1,6
DA:2,6
DA:3,6
DA:4,6
DA:5,6
DA:9,5
DA:10,5
DA:11,5
DA:12,1
DA:14,4
DA:15,1
DA:17,3
DA:18,3
DA:19,1
DA:21,2
DA:22,2
DA:23,1
DA:25,1
DA:27,1
DA:30,4
DA:34,6
DA:35,6
DA:36,6
DA:37,2
DA:39,4
DA:40,2
DA:42,2
DA:45,1
DA:52,5
DA:56,0
DA:57,0
DA:60,0
DA:64,0
DA:65,0
DA:75,0
DA:76,0
DA:84,0
DA:89,6
LF:38
LH:30
BRDA:11,0,0,1
BRDA:11,0,1,4
BRDA:14,1,0,1
BRDA:14,1,1,3
BRDA:18,2,0,1
BRDA:18,2,1,2
BRDA:22,3,0,1
BRDA:22,3,1,1
BRDA:36,4,0,2
BRDA:36,4,1,4
BRDA:39,5,0,2
BRDA:39,5,1,2
BRDA:76,6,0,0
BRDA:76,6,1,0
BRF:14
BRH:12
end_of_record
TN:
SF:helpers\bcrypt.js
FN:3,(anonymous_0)
FN:8,(anonymous_1)
FNF:2
FNH:2
FNDA:5,(anonymous_0)
FNDA:2,(anonymous_1)
DA:1,6
DA:3,6
DA:4,5
DA:5,5
DA:8,6
DA:9,2
DA:12,6
LF:7
LH:7
BRF:0
BRH:0
end_of_record
TN:
SF:helpers\jwt.js
FN:4,(anonymous_0)
FN:7,(anonymous_1)
FNF:2
FNH:2
FNDA:3,(anonymous_0)
FNDA:3,(anonymous_1)
DA:1,6
DA:2,6
DA:4,6
DA:5,3
DA:7,6
DA:8,3
DA:11,6
LF:7
LH:7
BRF:0
BRH:0
end_of_record
TN:
SF:middlewares\authentication.js
FN:4,authentication
FNF:1
FNH:1
FNDA:4,authentication
DA:1,6
DA:2,6
DA:4,6
DA:5,4
DA:6,4
DA:8,4
DA:9,1
DA:11,3
DA:12,0
DA:14,3
DA:15,3
DA:16,2
DA:17,2
DA:18,2
DA:20,0
DA:24,0
DA:27,4
LF:17
LH:14
BRDA:8,0,0,1
BRDA:8,0,1,3
BRDA:11,1,0,0
BRDA:11,1,1,3
BRDA:17,2,0,2
BRDA:17,2,1,0
BRF:6
BRH:4
end_of_record
TN:
SF:middlewares\errorHandler.js
FN:1,(anonymous_0)
FNF:1
FNH:1
FNDA:16,(anonymous_0)
DA:1,6
DA:2,16
DA:3,16
DA:5,16
DA:7,7
DA:9,8
DA:11,8
DA:13,1
DA:14,1
DA:15,1
DA:17,0
DA:18,0
DA:19,0
DA:22,1
DA:23,1
DA:24,1
DA:26,0
DA:27,0
DA:28,0
DA:30,0
DA:31,0
DA:35,16
LF:22
LH:14
BRDA:2,0,0,16
BRDA:2,0,1,16
BRDA:3,1,0,16
BRDA:3,1,1,3
BRDA:5,2,0,7
BRDA:5,2,1,8
BRDA:5,2,2,1
BRDA:5,2,3,0
BRDA:5,2,4,0
BRDA:5,2,5,1
BRDA:5,2,6,0
BRDA:5,2,7,0
BRF:12
BRH:8
end_of_record
TN:
SF:middlewares\userAuthorization.js
FN:3,authorization
FNF:1
FNH:0
FNDA:0,authorization
DA:1,6
DA:3,6
DA:4,0
DA:5,0
DA:6,0
DA:8,0
DA:9,0
DA:10,0
DA:12,0
DA:13,0
DA:14,0
DA:16,0
DA:18,0
LF:13
LH:2
BRDA:5,0,0,0
BRDA:5,0,1,0
BRDA:9,1,0,0
BRDA:9,1,1,0
BRDA:13,2,0,0
BRDA:13,2,1,0
BRF:6
BRH:0
end_of_record
TN:
SF:models\games.js
FN:5,(anonymous_0)
FN:12,(anonymous_1)
FNF:2
FNH:2
FNDA:6,(anonymous_0)
FNDA:6,(anonymous_1)
DA:4,6
DA:5,6
DA:14,6
DA:18,6
DA:23,6
DA:68,6
LF:6
LH:6
BRF:0
BRH:0
end_of_record
TN:
SF:models\genre.js
FN:5,(anonymous_0)
FN:12,(anonymous_1)
FNF:2
FNH:2
FNDA:6,(anonymous_0)
FNDA:6,(anonymous_1)
DA:4,6
DA:5,6
DA:14,6
DA:19,6
DA:45,6
LF:5
LH:5
BRF:0
BRH:0
end_of_record
TN:
SF:models\index.js
FN:21,(anonymous_0)
FN:29,(anonymous_1)
FN:34,(anonymous_2)
FNF:3
FNH:3
FNDA:30,(anonymous_0)
FNDA:24,(anonymous_1)
FNDA:24,(anonymous_2)
DA:3,6
DA:4,6
DA:5,6
DA:6,6
DA:7,6
DA:8,6
DA:9,6
DA:10,6
DA:13,6
DA:14,0
DA:16,6
DA:19,6
DA:22,30
DA:30,24
DA:31,24
DA:34,6
DA:35,24
DA:36,24
DA:40,6
DA:41,6
DA:43,6
LF:21
LH:20
BRDA:8,0,0,6
BRDA:8,0,1,0
BRDA:13,1,0,0
BRDA:13,1,1,6
BRDA:23,2,0,30
BRDA:23,2,1,30
BRDA:23,2,2,24
BRDA:23,2,3,24
BRDA:35,3,0,24
BRDA:35,3,1,0
BRF:10
BRH:7
end_of_record
TN:
SF:models\transaction.js
FN:5,(anonymous_0)
FN:12,(anonymous_1)
FNF:2
FNH:2
FNDA:6,(anonymous_0)
FNDA:6,(anonymous_1)
DA:4,6
DA:5,6
DA:14,6
DA:17,6
DA:22,6
DA:33,6
LF:6
LH:6
BRF:0
BRH:0
end_of_record
TN:
SF:models\user.js
FN:6,(anonymous_0)
FN:13,(anonymous_1)
FN:64,(anonymous_2)
FNF:3
FNH:3
FNDA:6,(anonymous_0)
FNDA:6,(anonymous_1)
FNDA:4,(anonymous_2)
DA:4,6
DA:5,6
DA:6,6
DA:15,6
DA:21,6
DA:65,4
DA:71,6
LF:7
LH:7
BRF:0
BRH:0
end_of_record
